[2022-01-12 14:53:04] 
        Текст ошибки: Контроллер app\controllers\ProductsController не найден | Файл: C:\Programming\OpenServer\domains\projectTrening\HotelEuropa\vendor\europa\core\Router.php Строка: 42 
        
========================
[2022-01-12 14:54:39] 
        Текст ошибки: Контроллер app\controllers\ProductsController не найден | Файл: C:\Programming\OpenServer\domains\projectTrening\HotelEuropa\vendor\europa\core\Router.php Строка: 42 
        
========================
[2022-01-12 15:06:59] 
        Текст ошибки: Class 'luxury\Db' not found | Файл: C:\Programming\OpenServer\domains\projectTrening\HotelEuropa\vendor\europa\core\base\Model.php Строка: 16 
        
========================
[2022-01-12 15:08:35] 
        Текст ошибки: Class 'R' not found | Файл: C:\Programming\OpenServer\domains\projectTrening\HotelEuropa\vendor\europa\core\Db.php Строка: 13 
        
========================
[2022-01-12 15:09:19] 
        Текст ошибки: Не найден вид C:\Programming\OpenServer\domains\projectTrening\HotelEuropa/app/views/Home/index.php | Файл: C:\Programming\OpenServer\domains\projectTrening\HotelEuropa\vendor\europa\core\base\View.php Строка: 44 
        
========================
[2022-01-12 15:09:55] 
        Текст ошибки: Не найден шаблон europa | Файл: C:\Programming\OpenServer\domains\projectTrening\HotelEuropa\vendor\europa\core\base\View.php Строка: 52 
        
========================
[2022-01-12 15:22:37] 
        Текст ошибки: Страница не найдена | Файл: C:\Programming\OpenServer\domains\projectTrening\HotelEuropa\vendor\europa\core\Router.php Строка: 46 
        
========================
[2022-01-12 15:22:37] 
        Текст ошибки: Страница не найдена | Файл: C:\Programming\OpenServer\domains\projectTrening\HotelEuropa\vendor\europa\core\Router.php Строка: 46 
        
========================
[2022-01-12 15:22:37] 
        Текст ошибки: Страница не найдена | Файл: C:\Programming\OpenServer\domains\projectTrening\HotelEuropa\vendor\europa\core\Router.php Строка: 46 
        
========================
[2022-01-12 15:22:37] 
        Текст ошибки: Страница не найдена | Файл: C:\Programming\OpenServer\domains\projectTrening\HotelEuropa\vendor\europa\core\Router.php Строка: 46 
        
========================
[2022-01-12 15:22:37] 
        Текст ошибки: Страница не найдена | Файл: C:\Programming\OpenServer\domains\projectTrening\HotelEuropa\vendor\europa\core\Router.php Строка: 46 
        
========================
[2022-01-12 15:22:37] 
        Текст ошибки: Страница не найдена | Файл: C:\Programming\OpenServer\domains\projectTrening\HotelEuropa\vendor\europa\core\Router.php Строка: 46 
        
========================
[2022-01-12 15:22:37] 
        Текст ошибки: Страница не найдена | Файл: C:\Programming\OpenServer\domains\projectTrening\HotelEuropa\vendor\europa\core\Router.php Строка: 46 
        
========================
[2022-01-12 15:22:37] 
        Текст ошибки: Страница не найдена | Файл: C:\Programming\OpenServer\domains\projectTrening\HotelEuropa\vendor\europa\core\Router.php Строка: 46 
        
========================
[2022-01-12 15:22:37] 
        Текст ошибки: Страница не найдена | Файл: C:\Programming\OpenServer\domains\projectTrening\HotelEuropa\vendor\europa\core\Router.php Строка: 46 
        
========================
[2022-01-12 15:22:37] 
        Текст ошибки: Страница не найдена | Файл: C:\Programming\OpenServer\domains\projectTrening\HotelEuropa\vendor\europa\core\Router.php Строка: 46 
        
========================
[2022-01-12 15:22:37] 
        Текст ошибки: Страница не найдена | Файл: C:\Programming\OpenServer\domains\projectTrening\HotelEuropa\vendor\europa\core\Router.php Строка: 46 
        
========================
[2022-01-12 15:22:37] 
        Текст ошибки: Страница не найдена | Файл: C:\Programming\OpenServer\domains\projectTrening\HotelEuropa\vendor\europa\core\Router.php Строка: 46 
        
========================
[2022-01-12 15:22:38] 
        Текст ошибки: Страница не найдена | Файл: C:\Programming\OpenServer\domains\projectTrening\HotelEuropa\vendor\europa\core\Router.php Строка: 46 
        
========================
[2022-01-12 15:22:38] 
        Текст ошибки: Страница не найдена | Файл: C:\Programming\OpenServer\domains\projectTrening\HotelEuropa\vendor\europa\core\Router.php Строка: 46 
        
========================
[2022-01-12 15:22:38] 
        Текст ошибки: Страница не найдена | Файл: C:\Programming\OpenServer\domains\projectTrening\HotelEuropa\vendor\europa\core\Router.php Строка: 46 
        
========================
[2022-01-12 15:22:38] 
        Текст ошибки: Страница не найдена | Файл: C:\Programming\OpenServer\domains\projectTrening\HotelEuropa\vendor\europa\core\Router.php Строка: 46 
        
========================
[2022-01-12 15:22:38] 
        Текст ошибки: Страница не найдена | Файл: C:\Programming\OpenServer\domains\projectTrening\HotelEuropa\vendor\europa\core\Router.php Строка: 46 
        
========================
[2022-01-12 15:22:38] 
        Текст ошибки: Страница не найдена | Файл: C:\Programming\OpenServer\domains\projectTrening\HotelEuropa\vendor\europa\core\Router.php Строка: 46 
        
========================
[2022-01-12 15:22:38] 
        Текст ошибки: Страница не найдена | Файл: C:\Programming\OpenServer\domains\projectTrening\HotelEuropa\vendor\europa\core\Router.php Строка: 46 
        
========================
[2022-01-12 15:22:38] 
        Текст ошибки: Страница не найдена | Файл: C:\Programming\OpenServer\domains\projectTrening\HotelEuropa\vendor\europa\core\Router.php Строка: 46 
        
========================
[2022-01-12 15:22:38] 
        Текст ошибки: Страница не найдена | Файл: C:\Programming\OpenServer\domains\projectTrening\HotelEuropa\vendor\europa\core\Router.php Строка: 46 
        
========================
[2022-01-12 15:22:38] 
        Текст ошибки: Страница не найдена | Файл: C:\Programming\OpenServer\domains\projectTrening\HotelEuropa\vendor\europa\core\Router.php Строка: 46 
        
========================
[2022-01-12 15:22:38] 
        Текст ошибки: Страница не найдена | Файл: C:\Programming\OpenServer\domains\projectTrening\HotelEuropa\vendor\europa\core\Router.php Строка: 46 
        
========================
[2022-01-12 15:22:38] 
        Текст ошибки: Страница не найдена | Файл: C:\Programming\OpenServer\domains\projectTrening\HotelEuropa\vendor\europa\core\Router.php Строка: 46 
        
========================
[2022-01-12 15:22:38] 
        Текст ошибки: Страница не найдена | Файл: C:\Programming\OpenServer\domains\projectTrening\HotelEuropa\vendor\europa\core\Router.php Строка: 46 
        
========================
[2022-01-12 15:22:38] 
        Текст ошибки: Страница не найдена | Файл: C:\Programming\OpenServer\domains\projectTrening\HotelEuropa\vendor\europa\core\Router.php Строка: 46 
        
========================
[2022-01-12 15:22:38] 
        Текст ошибки: Страница не найдена | Файл: C:\Programming\OpenServer\domains\projectTrening\HotelEuropa\vendor\europa\core\Router.php Строка: 46 
        
========================
[2022-01-12 15:22:38] 
        Текст ошибки: Страница не найдена | Файл: C:\Programming\OpenServer\domains\projectTrening\HotelEuropa\vendor\europa\core\Router.php Строка: 46 
        
========================
[2022-01-12 15:22:38] 
        Текст ошибки: Страница не найдена | Файл: C:\Programming\OpenServer\domains\projectTrening\HotelEuropa\vendor\europa\core\Router.php Строка: 46 
        
========================
[2022-01-12 15:22:38] 
        Текст ошибки: Страница не найдена | Файл: C:\Programming\OpenServer\domains\projectTrening\HotelEuropa\vendor\europa\core\Router.php Строка: 46 
        
========================
[2022-01-12 15:22:38] 
        Текст ошибки: Страница не найдена | Файл: C:\Programming\OpenServer\domains\projectTrening\HotelEuropa\vendor\europa\core\Router.php Строка: 46 
        
========================
[2022-01-12 15:22:38] 
        Текст ошибки: Страница не найдена | Файл: C:\Programming\OpenServer\domains\projectTrening\HotelEuropa\vendor\europa\core\Router.php Строка: 46 
        
========================
[2022-01-12 15:22:38] 
        Текст ошибки: Страница не найдена | Файл: C:\Programming\OpenServer\domains\projectTrening\HotelEuropa\vendor\europa\core\Router.php Строка: 46 
        
========================
[2022-01-12 15:22:38] 
        Текст ошибки: Страница не найдена | Файл: C:\Programming\OpenServer\domains\projectTrening\HotelEuropa\vendor\europa\core\Router.php Строка: 46 
        
========================
[2022-01-12 15:22:38] 
        Текст ошибки: Страница не найдена | Файл: C:\Programming\OpenServer\domains\projectTrening\HotelEuropa\vendor\europa\core\Router.php Строка: 46 
        
========================
[2022-01-12 15:22:40] 
        Текст ошибки: Страница не найдена | Файл: C:\Programming\OpenServer\domains\projectTrening\HotelEuropa\vendor\europa\core\Router.php Строка: 46 
        
========================
[2022-01-12 15:22:40] 
        Текст ошибки: Страница не найдена | Файл: C:\Programming\OpenServer\domains\projectTrening\HotelEuropa\vendor\europa\core\Router.php Строка: 46 
        
========================
[2022-01-12 15:22:40] 
        Текст ошибки: Страница не найдена | Файл: C:\Programming\OpenServer\domains\projectTrening\HotelEuropa\vendor\europa\core\Router.php Строка: 46 
        
========================
[2022-01-12 15:22:40] 
        Текст ошибки: Страница не найдена | Файл: C:\Programming\OpenServer\domains\projectTrening\HotelEuropa\vendor\europa\core\Router.php Строка: 46 
        
========================
[2022-01-12 15:22:40] 
        Текст ошибки: Страница не найдена | Файл: C:\Programming\OpenServer\domains\projectTrening\HotelEuropa\vendor\europa\core\Router.php Строка: 46 
        
========================
[2022-01-12 15:22:40] 
        Текст ошибки: Страница не найдена | Файл: C:\Programming\OpenServer\domains\projectTrening\HotelEuropa\vendor\europa\core\Router.php Строка: 46 
        
========================
[2022-01-12 15:22:40] 
        Текст ошибки: Страница не найдена | Файл: C:\Programming\OpenServer\domains\projectTrening\HotelEuropa\vendor\europa\core\Router.php Строка: 46 
        
========================
[2022-01-12 15:22:40] 
        Текст ошибки: Страница не найдена | Файл: C:\Programming\OpenServer\domains\projectTrening\HotelEuropa\vendor\europa\core\Router.php Строка: 46 
        
========================
[2022-01-12 15:22:40] 
        Текст ошибки: Страница не найдена | Файл: C:\Programming\OpenServer\domains\projectTrening\HotelEuropa\vendor\europa\core\Router.php Строка: 46 
        
========================
[2022-01-12 15:22:40] 
        Текст ошибки: Страница не найдена | Файл: C:\Programming\OpenServer\domains\projectTrening\HotelEuropa\vendor\europa\core\Router.php Строка: 46 
        
========================
[2022-01-12 15:22:40] 
        Текст ошибки: Страница не найдена | Файл: C:\Programming\OpenServer\domains\projectTrening\HotelEuropa\vendor\europa\core\Router.php Строка: 46 
        
========================
[2022-01-12 15:22:40] 
        Текст ошибки: Страница не найдена | Файл: C:\Programming\OpenServer\domains\projectTrening\HotelEuropa\vendor\europa\core\Router.php Строка: 46 
        
========================
[2022-01-12 15:22:40] 
        Текст ошибки: Страница не найдена | Файл: C:\Programming\OpenServer\domains\projectTrening\HotelEuropa\vendor\europa\core\Router.php Строка: 46 
        
========================
[2022-01-12 15:22:40] 
        Текст ошибки: Страница не найдена | Файл: C:\Programming\OpenServer\domains\projectTrening\HotelEuropa\vendor\europa\core\Router.php Строка: 46 
        
========================
[2022-01-12 15:22:40] 
        Текст ошибки: Страница не найдена | Файл: C:\Programming\OpenServer\domains\projectTrening\HotelEuropa\vendor\europa\core\Router.php Строка: 46 
        
========================
[2022-01-12 15:22:40] 
        Текст ошибки: Страница не найдена | Файл: C:\Programming\OpenServer\domains\projectTrening\HotelEuropa\vendor\europa\core\Router.php Строка: 46 
        
========================
[2022-01-12 15:22:40] 
        Текст ошибки: Страница не найдена | Файл: C:\Programming\OpenServer\domains\projectTrening\HotelEuropa\vendor\europa\core\Router.php Строка: 46 
        
========================
[2022-01-12 15:22:40] 
        Текст ошибки: Страница не найдена | Файл: C:\Programming\OpenServer\domains\projectTrening\HotelEuropa\vendor\europa\core\Router.php Строка: 46 
        
========================
[2022-01-12 15:22:40] 
        Текст ошибки: Страница не найдена | Файл: C:\Programming\OpenServer\domains\projectTrening\HotelEuropa\vendor\europa\core\Router.php Строка: 46 
        
========================
[2022-01-12 15:22:40] 
        Текст ошибки: Страница не найдена | Файл: C:\Programming\OpenServer\domains\projectTrening\HotelEuropa\vendor\europa\core\Router.php Строка: 46 
        
========================
[2022-01-12 15:22:40] 
        Текст ошибки: Страница не найдена | Файл: C:\Programming\OpenServer\domains\projectTrening\HotelEuropa\vendor\europa\core\Router.php Строка: 46 
        
========================
[2022-01-12 15:22:40] 
        Текст ошибки: Страница не найдена | Файл: C:\Programming\OpenServer\domains\projectTrening\HotelEuropa\vendor\europa\core\Router.php Строка: 46 
        
========================
[2022-01-12 15:22:40] 
        Текст ошибки: Страница не найдена | Файл: C:\Programming\OpenServer\domains\projectTrening\HotelEuropa\vendor\europa\core\Router.php Строка: 46 
        
========================
[2022-01-12 15:22:40] 
        Текст ошибки: Страница не найдена | Файл: C:\Programming\OpenServer\domains\projectTrening\HotelEuropa\vendor\europa\core\Router.php Строка: 46 
        
========================
[2022-01-12 15:22:40] 
        Текст ошибки: Страница не найдена | Файл: C:\Programming\OpenServer\domains\projectTrening\HotelEuropa\vendor\europa\core\Router.php Строка: 46 
        
========================
[2022-01-12 15:22:40] 
        Текст ошибки: Страница не найдена | Файл: C:\Programming\OpenServer\domains\projectTrening\HotelEuropa\vendor\europa\core\Router.php Строка: 46 
        
========================
[2022-01-12 15:22:40] 
        Текст ошибки: Страница не найдена | Файл: C:\Programming\OpenServer\domains\projectTrening\HotelEuropa\vendor\europa\core\Router.php Строка: 46 
        
========================
[2022-01-12 15:22:40] 
        Текст ошибки: Страница не найдена | Файл: C:\Programming\OpenServer\domains\projectTrening\HotelEuropa\vendor\europa\core\Router.php Строка: 46 
        
========================
[2022-01-12 15:22:40] 
        Текст ошибки: Страница не найдена | Файл: C:\Programming\OpenServer\domains\projectTrening\HotelEuropa\vendor\europa\core\Router.php Строка: 46 
        
========================
[2022-01-12 15:22:40] 
        Текст ошибки: Страница не найдена | Файл: C:\Programming\OpenServer\domains\projectTrening\HotelEuropa\vendor\europa\core\Router.php Строка: 46 
        
========================
[2022-01-12 15:22:40] 
        Текст ошибки: Страница не найдена | Файл: C:\Programming\OpenServer\domains\projectTrening\HotelEuropa\vendor\europa\core\Router.php Строка: 46 
        
========================
[2022-01-12 15:22:40] 
        Текст ошибки: Страница не найдена | Файл: C:\Programming\OpenServer\domains\projectTrening\HotelEuropa\vendor\europa\core\Router.php Строка: 46 
        
========================
[2022-01-12 15:22:40] 
        Текст ошибки: Страница не найдена | Файл: C:\Programming\OpenServer\domains\projectTrening\HotelEuropa\vendor\europa\core\Router.php Строка: 46 
        
========================
[2022-01-12 15:22:40] 
        Текст ошибки: Страница не найдена | Файл: C:\Programming\OpenServer\domains\projectTrening\HotelEuropa\vendor\europa\core\Router.php Строка: 46 
        
========================
[2022-01-12 15:22:40] 
        Текст ошибки: Страница не найдена | Файл: C:\Programming\OpenServer\domains\projectTrening\HotelEuropa\vendor\europa\core\Router.php Строка: 46 
        
========================
[2022-01-12 15:24:07] 
        Текст ошибки: Страница не найдена | Файл: C:\Programming\OpenServer\domains\projectTrening\HotelEuropa\vendor\europa\core\Router.php Строка: 46 
        
========================
[2022-01-12 15:24:07] 
        Текст ошибки: Страница не найдена | Файл: C:\Programming\OpenServer\domains\projectTrening\HotelEuropa\vendor\europa\core\Router.php Строка: 46 
        
========================
[2022-01-12 15:31:39] 
        Текст ошибки: Страница не найдена | Файл: C:\Programming\OpenServer\domains\projectTrening\HotelEuropa\vendor\europa\core\Router.php Строка: 46 
        
========================
[2022-01-12 15:31:40] 
        Текст ошибки: Страница не найдена | Файл: C:\Programming\OpenServer\domains\projectTrening\HotelEuropa\vendor\europa\core\Router.php Строка: 46 
        
========================
